<?xml version="1.0" encoding="UTF-8"?>
<testsuite xmlns:xsi="http://www.w3.org/2001/XMLSchema-instance" xsi:noNamespaceSchemaLocation="https://maven.apache.org/surefire/maven-surefire-plugin/xsd/surefire-test-report-3.0.xsd" version="3.0" name="org.example.NumberUtilsTest" time="0.1" tests="37" errors="0" skipped="0" failures="0">
  <properties>
    <property name="java.specification.version" value="23"/>
    <property name="sun.cpu.isalist" value="amd64"/>
    <property name="sun.jnu.encoding" value="Cp1252"/>
    <property name="java.class.path" value="C:\Users\ryhur\Desktop\SE333\Assignment1\target\test-classes;C:\Users\ryhur\Desktop\SE333\Assignment1\target\classes;C:\Users\ryhur\.m2\repository\org\junit\jupiter\junit-jupiter-api\5.11.4\junit-jupiter-api-5.11.4.jar;C:\Users\ryhur\.m2\repository\org\opentest4j\opentest4j\1.3.0\opentest4j-1.3.0.jar;C:\Users\ryhur\.m2\repository\org\junit\platform\junit-platform-commons\1.11.4\junit-platform-commons-1.11.4.jar;C:\Users\ryhur\.m2\repository\org\apiguardian\apiguardian-api\1.1.2\apiguardian-api-1.1.2.jar;C:\Users\ryhur\.m2\repository\org\junit\jupiter\junit-jupiter-engine\5.11.4\junit-jupiter-engine-5.11.4.jar;C:\Users\ryhur\.m2\repository\org\junit\platform\junit-platform-engine\1.11.4\junit-platform-engine-1.11.4.jar;C:\Users\ryhur\.m2\repository\org\junit\jupiter\junit-jupiter-params\5.11.4\junit-jupiter-params-5.11.4.jar;C:\Users\ryhur\.m2\repository\org\assertj\assertj-core\3.27.3\assertj-core-3.27.3.jar;C:\Users\ryhur\.m2\repository\net\bytebuddy\byte-buddy\1.15.11\byte-buddy-1.15.11.jar;"/>
    <property name="java.vm.vendor" value="Oracle Corporation"/>
    <property name="sun.arch.data.model" value="64"/>
    <property name="user.variant" value=""/>
    <property name="java.vendor.url" value="https://java.oracle.com/"/>
    <property name="user.timezone" value="America/Chicago"/>
    <property name="os.name" value="Windows 11"/>
    <property name="java.vm.specification.version" value="23"/>
    <property name="sun.java.launcher" value="SUN_STANDARD"/>
    <property name="user.country" value="US"/>
    <property name="sun.boot.library.path" value="C:\Users\ryhur\.jdks\openjdk-23.0.2\bin"/>
    <property name="sun.java.command" value="C:\Users\ryhur\AppData\Local\Temp\surefire3248165844042800359\surefirebooter-20250219161056799_3.jar C:\Users\ryhur\AppData\Local\Temp\surefire3248165844042800359 2025-02-19T16-10-56_732-jvmRun1 surefire-20250219161056799_1tmp surefire_0-20250219161056799_2tmp"/>
    <property name="jdk.debug" value="release"/>
    <property name="surefire.test.class.path" value="C:\Users\ryhur\Desktop\SE333\Assignment1\target\test-classes;C:\Users\ryhur\Desktop\SE333\Assignment1\target\classes;C:\Users\ryhur\.m2\repository\org\junit\jupiter\junit-jupiter-api\5.11.4\junit-jupiter-api-5.11.4.jar;C:\Users\ryhur\.m2\repository\org\opentest4j\opentest4j\1.3.0\opentest4j-1.3.0.jar;C:\Users\ryhur\.m2\repository\org\junit\platform\junit-platform-commons\1.11.4\junit-platform-commons-1.11.4.jar;C:\Users\ryhur\.m2\repository\org\apiguardian\apiguardian-api\1.1.2\apiguardian-api-1.1.2.jar;C:\Users\ryhur\.m2\repository\org\junit\jupiter\junit-jupiter-engine\5.11.4\junit-jupiter-engine-5.11.4.jar;C:\Users\ryhur\.m2\repository\org\junit\platform\junit-platform-engine\1.11.4\junit-platform-engine-1.11.4.jar;C:\Users\ryhur\.m2\repository\org\junit\jupiter\junit-jupiter-params\5.11.4\junit-jupiter-params-5.11.4.jar;C:\Users\ryhur\.m2\repository\org\assertj\assertj-core\3.27.3\assertj-core-3.27.3.jar;C:\Users\ryhur\.m2\repository\net\bytebuddy\byte-buddy\1.15.11\byte-buddy-1.15.11.jar;"/>
    <property name="sun.cpu.endian" value="little"/>
    <property name="user.home" value="C:\Users\ryhur"/>
    <property name="user.language" value="en"/>
    <property name="java.specification.vendor" value="Oracle Corporation"/>
    <property name="java.version.date" value="2025-01-21"/>
    <property name="java.home" value="C:\Users\ryhur\.jdks\openjdk-23.0.2"/>
    <property name="file.separator" value="\"/>
    <property name="basedir" value="C:\Users\ryhur\Desktop\SE333\Assignment1"/>
    <property name="java.vm.compressedOopsMode" value="Zero based"/>
    <property name="line.separator" value="&#10;"/>
    <property name="java.vm.specification.vendor" value="Oracle Corporation"/>
    <property name="java.specification.name" value="Java Platform API Specification"/>
    <property name="surefire.real.class.path" value="C:\Users\ryhur\AppData\Local\Temp\surefire3248165844042800359\surefirebooter-20250219161056799_3.jar"/>
    <property name="user.script" value=""/>
    <property name="sun.management.compiler" value="HotSpot 64-Bit Tiered Compilers"/>
    <property name="java.runtime.version" value="23.0.2+7-58"/>
    <property name="user.name" value="ryhur"/>
    <property name="stdout.encoding" value="Cp1252"/>
    <property name="path.separator" value=";"/>
    <property name="os.version" value="10.0"/>
    <property name="java.runtime.name" value="OpenJDK Runtime Environment"/>
    <property name="file.encoding" value="UTF-8"/>
    <property name="java.vm.name" value="OpenJDK 64-Bit Server VM"/>
    <property name="localRepository" value="C:\Users\ryhur\.m2\repository"/>
    <property name="java.vendor.url.bug" value="https://bugreport.java.com/bugreport/"/>
    <property name="java.io.tmpdir" value="C:\Users\ryhur\AppData\Local\Temp\"/>
    <property name="java.version" value="23.0.2"/>
    <property name="user.dir" value="C:\Users\ryhur\Desktop\SE333\Assignment1"/>
    <property name="os.arch" value="amd64"/>
    <property name="java.vm.specification.name" value="Java Virtual Machine Specification"/>
    <property name="sun.os.patch.level" value=""/>
    <property name="native.encoding" value="Cp1252"/>
    <property name="java.library.path" value="C:\Users\ryhur\.jdks\openjdk-23.0.2\bin;C:\Windows\Sun\Java\bin;C:\Windows\system32;C:\Windows;C:\Users\ryhur\AppData\Local\Programs\Python\Python310\Scripts\;C:\Users\ryhur\AppData\Local\Programs\Python\Python310\;C:\Users\ryhur\AppData\Local\Microsoft\WindowsApps;C:\Users\ryhur\.dotnet\tools;C:\Program Files (x86)\Brackets\;C:\Users\ryhur\AppData\Local\Programs\Microsoft VS Code\bin;C:\Program Files\apache-maven-3.9.9-bin\apache-maven-3.9.9\bin;C:\Users\ryhur\AppData\Local\GitHubDesktop\bin;C:\Users\ryhur\.jdks\openjdk-23.0.2\bin;C:\Users\ryhur\Maven\apache-maven-3.9.9\bin;;."/>
    <property name="java.vm.info" value="mixed mode, sharing"/>
    <property name="stderr.encoding" value="Cp1252"/>
    <property name="java.vendor" value="Oracle Corporation"/>
    <property name="java.vm.version" value="23.0.2+7-58"/>
    <property name="sun.io.unicode.encoding" value="UnicodeLittle"/>
    <property name="java.class.version" value="67.0"/>
  </properties>
  <testcase name="digitCarryOverCheck" classname="org.example.NumberUtilsTest" time="0.039"/>
  <testcase name="emptyInput(List, List, List)[1]" classname="org.example.NumberUtilsTest" time="0.005"/>
  <testcase name="emptyInput(List, List, List)[2]" classname="org.example.NumberUtilsTest" time="0.001"/>
  <testcase name="emptyInput(List, List, List)[3]" classname="org.example.NumberUtilsTest" time="0.001"/>
  <testcase name="emptyInput(List, List, List)[4]" classname="org.example.NumberUtilsTest" time="0.0"/>
  <testcase name="exhaustiveDigit" classname="org.example.NumberUtilsTest" time="0.002"/>
  <testcase name="digitResetToZeroCheck" classname="org.example.NumberUtilsTest" time="0.001"/>
  <testcase name="carryover(List, List, List)[1]" classname="org.example.NumberUtilsTest" time="0.0"/>
  <testcase name="carryover(List, List, List)[2]" classname="org.example.NumberUtilsTest" time="0.0"/>
  <testcase name="carryover(List, List, List)[3]" classname="org.example.NumberUtilsTest" time="0.001"/>
  <testcase name="carryover(List, List, List)[4]" classname="org.example.NumberUtilsTest" time="0.0"/>
  <testcase name="carryover(List, List, List)[5]" classname="org.example.NumberUtilsTest" time="0.0"/>
  <testcase name="carryover(List, List, List)[6]" classname="org.example.NumberUtilsTest" time="0.0"/>
  <testcase name="carryover(List, List, List)[7]" classname="org.example.NumberUtilsTest" time="0.001"/>
  <testcase name="invalidDigit(List, List)[1]" classname="org.example.NumberUtilsTest" time="0.001"/>
  <testcase name="invalidDigit(List, List)[2]" classname="org.example.NumberUtilsTest" time="0.0"/>
  <testcase name="invalidDigit(List, List)[3]" classname="org.example.NumberUtilsTest" time="0.001"/>
  <testcase name="invalidDigit(List, List)[4]" classname="org.example.NumberUtilsTest" time="0.001"/>
  <testcase name="invalidDigit(List, List)[5]" classname="org.example.NumberUtilsTest" time="0.0"/>
  <testcase name="invalidDigit(List, List)[6]" classname="org.example.NumberUtilsTest" time="0.0"/>
  <testcase name="invalidDigit(List, List)[7]" classname="org.example.NumberUtilsTest" time="0.001"/>
  <testcase name="invalidDigit(List, List)[8]" classname="org.example.NumberUtilsTest" time="0.0"/>
  <testcase name="nullInput(List, List, List)[1]" classname="org.example.NumberUtilsTest" time="0.001"/>
  <testcase name="nullInput(List, List, List)[2]" classname="org.example.NumberUtilsTest" time="0.0"/>
  <testcase name="nullInput(List, List, List)[3]" classname="org.example.NumberUtilsTest" time="0.001"/>
  <testcase name="nullInput(List, List, List)[4]" classname="org.example.NumberUtilsTest" time="0.0"/>
  <testcase name="leadingZero(List, List, List)[1]" classname="org.example.NumberUtilsTest" time="0.0"/>
  <testcase name="leadingZero(List, List, List)[2]" classname="org.example.NumberUtilsTest" time="0.0"/>
  <testcase name="leadingZero(List, List, List)[3]" classname="org.example.NumberUtilsTest" time="0.001"/>
  <testcase name="leadingZero(List, List, List)[4]" classname="org.example.NumberUtilsTest" time="0.0"/>
  <testcase name="leadingZero(List, List, List)[5]" classname="org.example.NumberUtilsTest" time="0.001"/>
  <testcase name="noCarryover(List, List, List)[1]" classname="org.example.NumberUtilsTest" time="0.001"/>
  <testcase name="noCarryover(List, List, List)[2]" classname="org.example.NumberUtilsTest" time="0.0"/>
  <testcase name="noCarryover(List, List, List)[3]" classname="org.example.NumberUtilsTest" time="0.0"/>
  <testcase name="noCarryover(List, List, List)[4]" classname="org.example.NumberUtilsTest" time="0.0"/>
  <testcase name="noCarryover(List, List, List)[5]" classname="org.example.NumberUtilsTest" time="0.001"/>
  <testcase name="noCarryover(List, List, List)[6]" classname="org.example.NumberUtilsTest" time="0.0"/>
</testsuite>